2025-03-20 15:16:59,343 - pyswarms.single.global_best - INFO - Optimize for 200 iters with {'c1': 1.5, 'c2': 1.5, 'w': 0.5}
2025-03-20 15:17:02,056 - pyswarms.single.global_best - INFO - Optimization finished | best cost: -0.15374339537352405, best pos: [0.8359455  0.40535093 0.32636748 0.12239344 0.31281882 0.20241119
 0.79244615 0.30910031 0.43219331 0.61403457 0.49316392 0.69787155
 0.1097541  0.51036739 0.36096039 0.05095031 0.09067532 0.24600352
 0.16779995 0.51255635]
2025-03-20 15:20:32,399 - pyswarms.single.global_best - INFO - Optimize for 200 iters with {'c1': 1.5, 'c2': 1.5, 'w': 0.5}
2025-03-20 15:20:35,214 - pyswarms.single.global_best - INFO - Optimization finished | best cost: -0.16282577933899273, best pos: [8.58970984e-01 5.03066176e-01 5.76560153e-01 4.30392516e-04
 3.94498911e-01 4.35578086e-01 7.38155006e-01 8.94329918e-01
 2.63086887e-01 2.74502881e-01 6.24305849e-01 7.00863359e-01
 2.33160704e-02 3.85603227e-01 4.93661085e-01 9.32408538e-02
 8.51508278e-02 1.30698577e-01 2.67349246e-01 4.66603833e-01]
2025-03-20 15:31:49,673 - pyswarms.single.global_best - INFO - Optimize for 200 iters with {'c1': 1.5, 'c2': 1.5, 'w': 0.5}
2025-03-20 15:31:52,430 - pyswarms.single.global_best - INFO - Optimization finished | best cost: -0.16209746645841647, best pos: [0.86762191 0.64310185 0.4044525  0.10006219 0.55889594 0.25349745
 0.89142498 0.79346194 0.19996524 0.42141611 0.56538715 0.6248983
 0.03099347 0.74852934 0.40308102 0.01305891 0.02765816 0.4102695
 0.19187872 0.0657882 ]
2025-03-20 15:35:49,322 - pyswarms.single.global_best - INFO - Optimize for 200 iters with {'c1': 1.5, 'c2': 1.5, 'w': 0.5}
2025-03-20 15:35:57,324 - pyswarms.single.global_best - INFO - Optimization finished | best cost: -0.18014776175490954, best pos: [0.63886877 0.5540681  0.44737716 0.3181952  0.6834959  0.54462728
 0.61630008 0.37804937 0.63431393 0.63986019 0.57394747 0.61318254
 0.65739363 0.5980005  0.44796118 0.55519567 0.33334137 0.34933829
 0.69572898 0.40102338 0.3684782  0.50546652 0.74567324 0.25105395
 0.54323335 0.37790596 0.44862652 0.58573907 0.21853286 0.24128418
 0.79389134 0.27847356 0.695234   0.18106222 0.52279702 0.55676782
 0.4656661  0.58333044 0.5531346  0.45221143 0.27726262 0.52916869
 0.21462207 0.8163529  0.62854786 0.66969899 0.60183777 0.53571913
 0.66130974 0.49181627 0.61508879 0.66910901 0.81544226 0.46626058
 0.23723209 0.53246151 0.58633559 0.01767102 0.56956316 0.54876603
 0.42953015 0.18983764 0.5707363  0.31487074 0.40824132 0.29322892
 0.56134901 0.61646763 0.74347869 0.77774069 0.26286175 0.46621145
 0.68889935 0.70249763 0.69358642 0.59466978 0.31040442 0.70956895
 0.61134983 0.84083335 0.16404744 0.17814347 0.71976648 0.40240607
 0.65235959 0.63582155 0.31692372 0.66701134 0.54012547 0.60130221
 0.62981347 0.9100411  0.51744222 0.51101954 0.29091023 0.28056755
 0.49363128 0.65646847 0.64224199 0.62703138 0.66989067 0.56535599
 0.56810407 0.58862178 0.51316638 0.5436869  0.63948918 0.31967162
 0.41643937 0.45148704 0.69020318 0.3987107  0.60389727 0.49252767
 0.48446204 0.56778304 0.6660674  0.77618499 0.55849093 0.25463296
 0.47744664 0.60850556 0.700849   0.46411478 0.47642664 0.55480067
 0.63984419 0.38351357 0.31279867 0.46675483 0.17582162 0.34784719
 0.58595592 0.69034928 0.74703432 0.33862943 0.45547449 0.63935404
 0.38729477 0.40454205 0.18296635 0.65309628 0.7141841  0.43066623
 0.51282193 0.27886028 0.81198022 0.134881   0.50672246 0.55298115
 0.38849099 0.77584118 0.29040884 0.38446113 0.07774407 0.73268802
 0.18226669 0.58370713 0.69362703 0.69048383 0.39256052 0.5058493
 0.54700039 0.43780743 0.38467623 0.72195307 0.48061574 0.2088726
 0.74670716 0.54944141 0.33898799 0.41440584 0.5885529  0.93114038
 0.55430913 0.58353484 0.03206994 0.23914923 0.5130166  0.37050202
 0.40267657 0.8257105  0.78201593 0.41869306 0.42414469 0.53555542
 0.3804975  0.45438377 0.60936188 0.39230637 0.31498695 0.36986709
 0.1685756  0.37570724 0.45679192 0.58000982 0.43300402 0.61154521
 0.72239194 0.70885777 0.44264151 0.13529317 0.2413261  0.50516465
 0.23797138 0.52523309 0.74145503 0.39189958 0.51109577 0.81096063
 0.48017903 0.36390776 0.40344779 0.57439157 0.31265318 0.57210684
 0.3625897  0.38623904 0.30744593 0.37714242 0.36617795 0.28164984
 0.60129084 0.97376567 0.58743675 0.35201023 0.65331609 0.2058107
 0.50886825 0.43021025 0.66780819 0.6436368  0.43107932 0.57461077
 0.45291446 0.7374714  0.55848145 0.33943746 0.30608332 0.29738714
 0.26258217 0.47951683 0.59653154 0.5441959  0.33749248 0.55061082
 0.32213172 0.39388032 0.46111937 0.55054776 0.32425311 0.77259304
 0.30411887 0.55291925 0.70874885 0.34734367 0.21985886 0.73240879
 0.46234451 0.53745092 0.44888735 0.47776959 0.3586256  0.81194439
 0.50724837 0.81611445 0.39298901 0.51069658 0.72257082 0.3049118
 0.76050877 0.44625788 0.58260736 0.39147365 0.60076922 0.74937871
 0.47228523 0.32015332 0.41550326 0.50513473 0.53963829 0.67780356
 0.50366293 0.09339162 0.64716474 0.2411962  0.34300342 0.31524329
 0.4545238  0.43138845 0.41416953 0.28294401 0.41016012 0.52607245
 0.36477395 0.35776386 0.66372846 0.44271111 0.52865079 0.59956975
 0.41014523 0.6902097  0.45815768 0.05166631 0.40585496 0.37874775
 0.59731229 0.27325643 0.29520067 0.43064463 0.76793018 0.53776376
 0.41730926 0.41543969 0.60281365 0.22143993 0.74038929 0.34899291
 0.55682881 0.71595121 0.39555527 0.62998603 0.50001319 0.40998718
 0.61610227 0.42642143 0.416783   0.83159468 0.37351985 0.54695895
 0.46037306 0.51503713 0.35038538 0.66201664 0.63879007 0.49131905
 0.41917401 0.53161049 0.53896521 0.50912019 0.59720846 0.17307337
 0.28465193 0.47210025 0.40016406 0.60957797 0.42004284 0.77264143
 0.20700511 0.53710455 0.48879723 0.74749857 0.49224447 0.50416493
 0.44601752 0.39724107 0.47301247 0.37378534 0.47284256 0.31876299
 0.52149853 0.44625492 0.60854436 0.3452712  0.87902054 0.3962804
 0.69994205 0.73720319 0.61173998 0.56236687 0.6436532  0.76901008
 0.57321277 0.55971845 0.46344562 0.34992858 0.70619588 0.51065055
 0.81591137 0.47145835 0.17675056 0.27451943 0.19543114 0.42484035
 0.49625257 0.72267315 0.62981184 0.34624267 0.29769568 0.96113549
 0.41170508 0.532766   0.68645361 0.39102179 0.33583203 0.54920156
 0.66693526 0.14404474 0.78619979 0.76438031 0.5009698  0.49905398
 0.72584877 0.5627149  0.53149455 0.28417567 0.44189543 0.03100884
 0.6407171  0.21194912 0.24456952 0.49144764 0.65881076 0.46974096
 0.26685398 0.68682522 0.50288448 0.47275548 0.5491429  0.28472444
 0.3428847  0.4293878  0.44576616 0.51007711 0.56145117 0.95457912
 0.35845421 0.60292503 0.70415382 0.57875573 0.7348538  0.62112059
 0.379184   0.58477597 0.38960278 0.23611371 0.63959033 0.47884734
 0.56449051 0.19742498 0.5826356  0.06384068 0.98820167 0.59420814
 0.40299821 0.35472452 0.7331792  0.67601574 0.32599914 0.80606319
 0.38129117 0.25708231 0.35826413 0.44233284 0.46624657 0.57024611
 0.30828664 0.61085549 0.70175738 0.72514616 0.55963036 0.37683125
 0.20614571 0.70709266 0.44034285 0.27527161 0.37421761 0.90752097
 0.19635618 0.30235946 0.36876055 0.26430911 0.56451924 0.39300473
 0.33477316 0.64341147 0.53693717 0.68111282 0.32064486 0.41123514
 0.80281885 0.23049976 0.6634421  0.58803497 0.15731219 0.5862515
 0.40113161 0.63462258 0.43446357 0.62253206 0.49454519 0.40559318
 0.49872348 0.50958938 0.34472959 0.66853246 0.4471751  0.3195936
 0.39265797 0.56435212 0.65078537 0.60153377 0.36991904 0.30242724
 0.33360731 0.61438342 0.65746447 0.44625039 0.75205842 0.39401524
 0.34438189 0.54537287 0.53986226 0.28514935 0.490543   0.53182514
 0.56896875 0.80408155 0.70935702 0.58211927 0.4725704  0.45289608
 0.49989442 0.35319169 0.88600382 0.43121347 0.36271452 0.67577271
 0.27912131 0.48025186 0.48276657 0.6355123  0.51744398 0.43757297
 0.53038796 0.41437022 0.54316546 0.22744424 0.60295363 0.4158607
 0.52208529 0.63256642 0.59980961 0.56848177 0.40739454 0.26146838
 0.38577359 0.38414799 0.46320212 0.45670359 0.53262846 0.2329202
 0.50396476 0.23429798 0.26941496 0.3774009  0.40958448 0.63326756
 0.27709484 0.59213446 0.29829561 0.75515547 0.56775461 0.44893294
 0.21266271 0.5685365  0.55814286 0.23116629 0.29891606 0.45957899
 0.48574197 0.70832371 0.48072321 0.48103151 0.75681358 0.30334046
 0.28356474 0.41137384 0.54993643 0.2691416  0.36042114 0.8067866
 0.47469005 0.51404459 0.52270772 0.89051921 0.30158876 0.65098784
 0.23147597 0.79699261 0.41745477 0.43892952 0.45850181 0.59635521
 0.1732634  0.7745838  0.46435684 0.24930356 0.4721107  0.62461647
 0.62210053 0.3548461  0.66747258 0.55293141 0.13106691 0.39106857
 0.67149827 0.48304394 0.64605844 0.68290314 0.43471155 0.54767396
 0.37733208 0.5048381  0.53016028 0.74304102 0.96822542 0.75609451
 0.49738923 0.73840839 0.29378911 0.44086608 0.51898516 0.55784884
 0.3544549  0.26835453 0.37146946 0.76328025 0.69986276 0.53424619
 0.68583303 0.58714544 0.57504754 0.19661528 0.57886962 0.5538063
 0.48667125 0.43671665 0.39308181 0.51793871 0.31928869 0.09210587
 0.74322303 0.55638527 0.44619477 0.29965026 0.66477645 0.40969139
 0.7211422  0.48919312 0.56799849 0.36208883 0.45795943 0.60010566
 0.56068783 0.38587269 0.63452006 0.67954484 0.82935299 0.31607882
 0.41310211 0.29451485 0.74570677 0.43065753 0.54913456 0.39424278
 0.54689409 0.53958948 0.37958387 0.50808536 0.68505687 0.56800433
 0.79600714 0.61746835 0.45344653 0.38749524 0.96142367 0.32788201
 0.6744981  0.52706347 0.23368485 0.28562776 0.14747497 0.46343911
 0.4044228  0.25255563 0.50775356 0.59556501 0.49799558 0.52646555
 0.62452459 0.29940626 0.40481302 0.7165642  0.66946135 0.5928396
 0.33985116 0.4593569  0.47231376 0.61235902]
2025-03-20 15:43:38,081 - pyswarms.single.global_best - INFO - Optimize for 200 iters with {'c1': 1.5, 'c2': 1.5, 'w': 0.5}
2025-03-20 15:43:40,768 - pyswarms.single.global_best - INFO - Optimization finished | best cost: -0.15569310004211892, best pos: [0.90737278 0.15688632 0.62194169 0.00832795 0.3067283  0.74077206
 0.84570875 0.40584557 0.6164002  0.75817535 0.50262446 0.37868329
 0.02738478 0.17954351 0.58382727 0.07057513 0.04994129 0.3318414
 0.42346019 0.15937897]
2025-03-27 14:33:05,915 - pyswarms.single.global_best - INFO - Optimize for 200 iters with {'c1': 1.5, 'c2': 1.5, 'w': 0.5}
2025-03-27 14:33:09,901 - pyswarms.single.global_best - INFO - Optimization finished | best cost: -0.2142093713634004, best pos: [0.83855868 0.32755969 0.43090517 0.0967217  0.24104385 0.26749147
 0.82945012 0.56149418 0.22281597 0.62586995 0.59068426 0.62536504
 0.01300998 0.30955948 0.53587937 0.1037022  0.22431851 0.04907335
 0.01688509 0.21035622 0.4396156  0.43636105 0.05309641 0.34194676
 0.15003603 0.54241017 0.29243474 0.98718335 0.81776561 0.44914407]
2025-03-27 14:57:33,261 - pyswarms.single.global_best - INFO - Optimize for 200 iters with {'c1': 1.5, 'c2': 1.5, 'w': 0.5}
2025-03-27 14:57:37,055 - pyswarms.single.global_best - INFO - Optimization finished | best cost: -0.21776573359152498, best pos: [0.9303389  0.54487297 0.61245401 0.02551312 0.02536854 0.24478425
 0.37192976 0.78757471 0.44894916 0.54930523 0.21785448 0.34595489
 0.04983875 0.18040831 0.73038551 0.13796498 0.11436981 0.0709182
 0.34186145 0.0063611  0.47909331 0.92301022 0.46212676 0.20752424
 0.18817804 0.2283931  0.54471951 0.84146693 0.76530995 0.91208138]
2025-04-03 11:03:50,310 - pyswarms.single.global_best - INFO - Optimize for 200 iters with {'c1': 1.5, 'c2': 1.5, 'w': 0.5}
2025-04-03 11:03:54,826 - pyswarms.single.global_best - INFO - Optimization finished | best cost: -0.20185425347745145, best pos: [0.6071098  0.09758634 0.58424573 0.03632884 0.67735426 0.5593585
 0.88696397 0.561689   0.06714675 0.22828245 0.51412508 0.30978458
 0.13676446 0.39417379 0.14704815 0.15308788 0.22713183 0.06725957
 0.36543959 0.62008172 0.29875274 0.97920239 0.43151528 0.63032558
 0.31160371 0.22665707 0.37872643 0.8926282  0.75444695 0.57489552]
2025-04-03 12:47:50,924 - pyswarms.single.global_best - INFO - Optimize for 200 iters with {'c1': 1.5, 'c2': 1.5, 'w': 0.5}
2025-04-03 12:47:53,513 - pyswarms.single.global_best - INFO - Optimization finished | best cost: -0.2118361806717111, best pos: [0.59661244 0.19447366 0.42826554 0.04418089 0.22345488 0.36834396
 0.82666782 0.66781666 0.30472568 0.70348764 0.57153932 0.61377929
 0.18132819 0.22554337 0.1386501  0.1264339  0.04105765 0.09006283
 0.59711511 0.13384704 0.59024373 0.8175587  0.30445703 0.11910619
 0.29836269 0.65938649 0.54184176 0.66614895 0.83365577 0.62422393]
2025-04-03 12:57:45,367 - pyswarms.single.global_best - INFO - Optimize for 200 iters with {'c1': 1.5, 'c2': 1.5, 'w': 0.5}
2025-04-03 12:57:48,101 - pyswarms.single.global_best - INFO - Optimization finished | best cost: -0.20717744712635153, best pos: [0.73525825 0.5359928  0.48832769 0.18429981 0.083126   0.4818526
 0.66994164 0.83201769 0.12111312 0.56039784 0.39204438 0.83884646
 0.12428266 0.55594974 0.03419723 0.19173482 0.01847791 0.01506211
 0.25136841 0.51678307 0.48875871 0.684594   0.62900608 0.39087254
 0.32724583 0.30716458 0.71870588 0.88041067 0.85412157 0.71213469]
2025-04-03 13:00:55,025 - pyswarms.single.global_best - INFO - Optimize for 200 iters with {'c1': 1.5, 'c2': 1.5, 'w': 0.5}
2025-04-03 13:00:57,623 - pyswarms.single.global_best - INFO - Optimization finished | best cost: -0.20970657204127552, best pos: [9.06319593e-01 4.20051774e-01 6.16425991e-01 1.03044448e-01
 4.35543874e-01 4.24184409e-01 3.11515848e-01 6.96134230e-01
 1.39528341e-01 5.09694384e-01 2.05586363e-01 5.56789445e-01
 4.49606384e-04 2.88519018e-01 1.01381629e-01 2.93305815e-01
 7.80052059e-02 1.59916689e-01 5.27172474e-01 1.06422193e-01
 2.15070361e-01 8.82398162e-01 2.11726439e-02 2.26668626e-01
 5.35585561e-01 4.39635779e-01 3.22639522e-01 7.21558955e-01
 7.39721107e-01 5.74055072e-01]
2025-04-03 14:15:36,718 - pyswarms.single.global_best - INFO - Optimize for 500 iters with {'c1': 1.5, 'c2': 1.5, 'w': 0.5}
2025-04-03 14:16:21,554 - pyswarms.single.global_best - INFO - Optimization finished | best cost: -0.2122015633433987, best pos: [0.91586185 0.23934876 0.80397142 0.06579867 0.65556703 0.33694737
 0.67412731 0.62333292 0.1414531  0.49132723 0.55764053 0.18200088
 0.00631926 0.37147207 0.38969765 0.04001081 0.37730093 0.04351453
 0.05604778 0.29907027 0.46941615 0.81295814 0.53283222 0.42134574
 0.21042695 0.8498699  0.24611291 0.85740361 0.93959473 0.87151563]
2025-04-03 14:40:26,078 - pyswarms.single.global_best - INFO - Optimize for 200 iters with {'c1': 1.5, 'c2': 1.5, 'w': 0.5}
2025-04-03 14:40:29,803 - pyswarms.single.global_best - INFO - Optimization finished | best cost: -0.20836802328766085, best pos: [0.59466928 0.37529452 0.79794122 0.17137544 0.40537685 0.42169579
 0.59342852 0.70432728 0.00112482 0.7192833  0.36944616 0.73980236
 0.17911519 0.56998028 0.3461251  0.04945957 0.20804074 0.0094846
 0.34962951 0.15084565 0.2783952  0.97902129 0.60838849 0.27360545
 0.10898113 0.52324904 0.75391735 0.75569886 0.84404456 0.44462157]
2025-04-03 14:41:29,484 - pyswarms.single.global_best - INFO - Optimize for 200 iters with {'c1': 1.5, 'c2': 1.5, 'w': 0.5}
2025-04-03 14:41:33,373 - pyswarms.single.global_best - INFO - Optimization finished | best cost: -0.20801464689468868, best pos: [0.80632942 0.0941368  0.35851069 0.24524424 0.58233446 0.35486938
 0.93140699 0.43335321 0.43481452 0.27417765 0.43212701 0.69575219
 0.2246935  0.36990435 0.40842731 0.03754677 0.01473142 0.13589916
 0.40327764 0.40782518 0.55862036 0.69425795 0.2091018  0.28428445
 0.29062186 0.20243531 0.49683098 0.85437331 0.98907931 0.83414592]
2025-04-03 14:52:05,369 - pyswarms.single.global_best - INFO - Optimize for 200 iters with {'c1': 1.5, 'c2': 1.5, 'w': 0.5}
2025-04-03 14:52:09,052 - pyswarms.single.global_best - INFO - Optimization finished | best cost: -0.21239736735990844, best pos: [0.83693993 0.48838283 0.59158257 0.28970847 0.18866515 0.26894768
 0.65599916 0.4326255  0.34862875 0.31453622 0.34675505 0.46800959
 0.03488256 0.23004097 0.50525092 0.00327981 0.08420374 0.18169053
 0.45162426 0.14040313 0.31680147 0.97593341 0.29155327 0.37338018
 0.42526605 0.71111871 0.63263204 0.91544631 0.81543409 0.83797057]
2025-04-03 14:57:07,502 - pyswarms.single.global_best - INFO - Optimize for 200 iters with {'c1': 1.5, 'c2': 1.5, 'w': 0.5}
2025-04-03 14:57:11,460 - pyswarms.single.global_best - INFO - Optimization finished | best cost: -0.21231297518039877, best pos: [0.6645596  0.53910014 0.24232807 0.03172186 0.23423794 0.66893749
 0.89447113 0.79386445 0.12829287 0.47680286 0.6018866  0.39075901
 0.21111412 0.41604046 0.39851593 0.03344618 0.12354486 0.18737898
 0.24935806 0.23643884 0.46898728 0.67330563 0.13773154 0.3247579
 0.04821587 0.57661127 0.49810674 0.9935041  0.6752283  0.92740003]
2025-04-03 15:08:31,057 - pyswarms.single.global_best - INFO - Optimize for 200 iters with {'c1': 1.5, 'c2': 1.5, 'w': 0.5}
2025-04-03 15:08:33,970 - pyswarms.single.global_best - INFO - Optimization finished | best cost: -0.002464094665215301, best pos: [0.80658159 0.23500773 0.38858976 0.02834034 0.11258651 0.37287024
 0.90480138 0.01145405 0.51535101 0.29225689 0.40173034 0.7118444
 0.03690398 0.5587105  0.51703363 0.04380868 0.4379357  0.39097495
 0.85727079 0.11185128 0.2119717  0.82199918 0.19760233 0.33575013
 0.60758386 0.73985863 0.31553768 0.86040305 0.24929613 0.26918709]
2025-04-03 15:21:16,169 - pyswarms.single.global_best - INFO - Optimize for 200 iters with {'c1': 1.5, 'c2': 1.5, 'w': 0.5}
2025-04-03 15:21:38,798 - pyswarms.single.global_best - INFO - Optimization finished | best cost: -0.20106090328176274, best pos: [0.51142796 0.5202308  0.79670603 0.07361548 0.62847635 0.25741012
 0.86110093 0.67964406 0.50492043 0.42074855 0.28519358 0.49952062
 0.03894798 0.3505569  0.75179019 0.19571666 0.09239194 0.04032802
 0.31260149 0.13968463 0.57706659 0.98742608 0.3894104  0.27018938
 0.38201032 0.71336494 0.57776026 0.89387639 0.39426171 0.93891288]
2025-04-03 15:24:53,521 - pyswarms.single.global_best - INFO - Optimize for 200 iters with {'c1': 1.5, 'c2': 1.5, 'w': 0.5}
2025-04-03 15:24:57,815 - pyswarms.single.global_best - INFO - Optimization finished | best cost: -0.20572330155191165, best pos: [0.9245378  0.41861962 0.67453471 0.15632552 0.25533133 0.41390579
 0.6709776  0.46485968 0.37314732 0.69251334 0.18033386 0.80006491
 0.05818977 0.45103426 0.02798787 0.26651688 0.02032154 0.45773273
 0.59156984 0.14865778 0.35295197 0.83291929 0.37749917 0.13894387
 0.3231967  0.35901922 0.43817509 0.9402177  0.83610225 0.8413066 ]
2025-04-03 15:28:20,567 - pyswarms.single.global_best - INFO - Optimize for 200 iters with {'c1': 1.5, 'c2': 1.5, 'w': 0.5}
2025-04-03 15:30:43,633 - pyswarms.single.global_best - INFO - Optimize for 200 iters with {'c1': 1.5, 'c2': 1.5, 'w': 0.5}
2025-04-03 15:31:29,174 - pyswarms.single.global_best - INFO - Optimize for 20 iters with {'c1': 1.5, 'c2': 1.5, 'w': 0.5}
2025-04-03 15:32:41,121 - pyswarms.single.global_best - INFO - Optimization finished | best cost: -0.22056637648416844, best pos: [0.88764252 0.23860818 0.55686692 0.14494652 0.2179586  0.1970147
 0.47696794 0.43641638 0.07605555 0.83083779 0.2470224  0.68155836
 0.09961413 0.14244658 0.44358306 0.03233093 0.00149889 0.0371675
 0.28477012 0.10622042 0.75822862 0.69092038 0.46691896 0.32052054
 0.35565398 0.28674441 0.69327506 0.9191368  0.90300139 0.52365217]
2025-04-09 08:44:53,491 - pyswarms.single.global_best - INFO - Optimize for 200 iters with {'c1': 1.5, 'c2': 1.5, 'w': 0.5}
2025-04-09 08:44:57,999 - pyswarms.single.global_best - INFO - Optimization finished | best cost: -0.21113887168707252, best pos: [0.81663486 0.49038159 0.45613625 0.10948932 0.12235572 0.51547739
 0.52642068 0.91712755 0.18972447 0.33435728 0.19686475 0.67686608
 0.2005397  0.37135385 0.40452294 0.0119799  0.05003904 0.2271101
 0.22009764 0.16911906 0.56426903 0.54544003 0.35899681 0.48515283
 0.37545815 0.7876356  0.49728513 0.97534586 0.79832876 0.7836467 ]
